[31m[INFO][0;39m [36m[2019-10-21 17:41:03.630][0;39m [34m[restartedMain:StartupInfoLogger.java:50][0;39m [35m:[0;39m Starting SpringbootApplication on bogon with PID 75696 (/Users/didi/WorkSpace/Frame/SpringBoot/target/classes started by didi in /Users/didi/WorkSpace/Frame/SpringBoot)
[31m[INFO][0;39m [36m[2019-10-21 17:41:03.699][0;39m [34m[restartedMain:SpringApplication.java:648][0;39m [35m:[0;39m No active profile set, falling back to default profiles: default
[31m[INFO][0;39m [36m[2019-10-21 17:41:03.803][0;39m [34m[restartedMain:DeferredLog.java:225][0;39m [35m:[0;39m Devtools property defaults active! Set 'spring.devtools.add-properties' to 'false' to disable
[31m[INFO][0;39m [36m[2019-10-21 17:41:03.803][0;39m [34m[restartedMain:DeferredLog.java:225][0;39m [35m:[0;39m Devtools property defaults active! Set 'spring.devtools.add-properties' to 'false' to disable
[31m[INFO][0;39m [36m[2019-10-21 17:41:03.804][0;39m [34m[restartedMain:DeferredLog.java:225][0;39m [35m:[0;39m For additional web related logging consider setting the 'logging.level.web' property to 'DEBUG'
[31m[INFO][0;39m [36m[2019-10-21 17:41:03.804][0;39m [34m[restartedMain:DeferredLog.java:225][0;39m [35m:[0;39m For additional web related logging consider setting the 'logging.level.web' property to 'DEBUG'
[31m[WARN][0;39m [36m[2019-10-21 17:41:04.648][0;39m [34m[restartedMain:ClassPathMapperScanner.java:166][0;39m [35m:[0;39m No MyBatis mapper was found in '[com.lmr.springboot]' package. Please check your configuration.
[31m[INFO][0;39m [36m[2019-10-21 17:41:05.678][0;39m [34m[restartedMain:TomcatWebServer.java:90][0;39m [35m:[0;39m Tomcat initialized with port(s): 8088 (http)
[31m[INFO][0;39m [36m[2019-10-21 17:41:05.678][0;39m [34m[restartedMain:TomcatWebServer.java:90][0;39m [35m:[0;39m Tomcat initialized with port(s): 8088 (http)
[31m[INFO][0;39m [36m[2019-10-21 17:41:05.704][0;39m [34m[restartedMain:DirectJDKLog.java:173][0;39m [35m:[0;39m Initializing ProtocolHandler ["http-nio-8088"]
[31m[INFO][0;39m [36m[2019-10-21 17:41:05.729][0;39m [34m[restartedMain:DirectJDKLog.java:173][0;39m [35m:[0;39m Starting service [Tomcat]
[31m[INFO][0;39m [36m[2019-10-21 17:41:05.729][0;39m [34m[restartedMain:DirectJDKLog.java:173][0;39m [35m:[0;39m Starting Servlet engine: [Apache Tomcat/9.0.26]
[31m[INFO][0;39m [36m[2019-10-21 17:41:06.476][0;39m [34m[restartedMain:DirectJDKLog.java:173][0;39m [35m:[0;39m At least one JAR was scanned for TLDs yet contained no TLDs. Enable debug logging for this logger for a complete list of JARs that were scanned but no TLDs were found in them. Skipping unneeded JARs during scanning can improve startup time and JSP compilation time.
[31m[INFO][0;39m [36m[2019-10-21 17:41:06.488][0;39m [34m[restartedMain:DirectJDKLog.java:173][0;39m [35m:[0;39m Initializing Spring embedded WebApplicationContext
[31m[INFO][0;39m [36m[2019-10-21 17:41:06.491][0;39m [34m[restartedMain:ServletWebServerApplicationContext.java:284][0;39m [35m:[0;39m Root WebApplicationContext: initialization completed in 2686 ms
[31m[INFO][0;39m [36m[2019-10-21 17:41:06.491][0;39m [34m[restartedMain:ServletWebServerApplicationContext.java:284][0;39m [35m:[0;39m Root WebApplicationContext: initialization completed in 2686 ms
[31m[WARN][0;39m [36m[2019-10-21 17:41:06.573][0;39m [34m[restartedMain:AbstractApplicationContext.java:557][0;39m [35m:[0;39m Exception encountered during context initialization - cancelling refresh attempt: org.springframework.beans.factory.UnsatisfiedDependencyException: Error creating bean with name 'userController': Unsatisfied dependency expressed through field 'userService'; nested exception is org.springframework.beans.factory.UnsatisfiedDependencyException: Error creating bean with name 'userService': Unsatisfied dependency expressed through field 'userMapper'; nested exception is org.springframework.beans.factory.NoSuchBeanDefinitionException: No qualifying bean of type 'com.lmr.springboot.dao.UserMapper' available: expected at least 1 bean which qualifies as autowire candidate. Dependency annotations: {@org.springframework.beans.factory.annotation.Autowired(required=true)}
[31m[WARN][0;39m [36m[2019-10-21 17:41:06.573][0;39m [34m[restartedMain:AbstractApplicationContext.java:557][0;39m [35m:[0;39m Exception encountered during context initialization - cancelling refresh attempt: org.springframework.beans.factory.UnsatisfiedDependencyException: Error creating bean with name 'userController': Unsatisfied dependency expressed through field 'userService'; nested exception is org.springframework.beans.factory.UnsatisfiedDependencyException: Error creating bean with name 'userService': Unsatisfied dependency expressed through field 'userMapper'; nested exception is org.springframework.beans.factory.NoSuchBeanDefinitionException: No qualifying bean of type 'com.lmr.springboot.dao.UserMapper' available: expected at least 1 bean which qualifies as autowire candidate. Dependency annotations: {@org.springframework.beans.factory.annotation.Autowired(required=true)}
[31m[INFO][0;39m [36m[2019-10-21 17:41:06.577][0;39m [34m[restartedMain:DirectJDKLog.java:173][0;39m [35m:[0;39m Stopping service [Tomcat]
[31m[INFO][0;39m [36m[2019-10-21 17:41:06.600][0;39m [34m[restartedMain:ConditionEvaluationReportLoggingListener.java:136][0;39m [35m:[0;39m 

Error starting ApplicationContext. To display the conditions report re-run your application with 'debug' enabled.
[31m[INFO][0;39m [36m[2019-10-21 17:41:06.600][0;39m [34m[restartedMain:ConditionEvaluationReportLoggingListener.java:136][0;39m [35m:[0;39m 

Error starting ApplicationContext. To display the conditions report re-run your application with 'debug' enabled.
[31m[ERROR][0;39m [36m[2019-10-21 17:41:06.874][0;39m [34m[restartedMain:LoggingFailureAnalysisReporter.java:40][0;39m [35m:[0;39m 

***************************
APPLICATION FAILED TO START
***************************

Description:

Field userMapper in com.lmr.springboot.service.UserService required a bean of type 'com.lmr.springboot.dao.UserMapper' that could not be found.

The injection point has the following annotations:
	- @org.springframework.beans.factory.annotation.Autowired(required=true)


Action:

Consider defining a bean of type 'com.lmr.springboot.dao.UserMapper' in your configuration.

[31m[ERROR][0;39m [36m[2019-10-21 17:41:06.874][0;39m [34m[restartedMain:LoggingFailureAnalysisReporter.java:40][0;39m [35m:[0;39m 

***************************
APPLICATION FAILED TO START
***************************

Description:

Field userMapper in com.lmr.springboot.service.UserService required a bean of type 'com.lmr.springboot.dao.UserMapper' that could not be found.

The injection point has the following annotations:
	- @org.springframework.beans.factory.annotation.Autowired(required=true)


Action:

Consider defining a bean of type 'com.lmr.springboot.dao.UserMapper' in your configuration.

[31m[INFO][0;39m [36m[2019-10-21 17:42:31.902][0;39m [34m[restartedMain:StartupInfoLogger.java:50][0;39m [35m:[0;39m Starting SpringbootApplication on bogon with PID 75716 (/Users/didi/WorkSpace/Frame/SpringBoot/target/classes started by didi in /Users/didi/WorkSpace/Frame/SpringBoot)
[31m[INFO][0;39m [36m[2019-10-21 17:42:31.907][0;39m [34m[restartedMain:SpringApplication.java:648][0;39m [35m:[0;39m No active profile set, falling back to default profiles: default
[31m[INFO][0;39m [36m[2019-10-21 17:42:32.042][0;39m [34m[restartedMain:DeferredLog.java:225][0;39m [35m:[0;39m Devtools property defaults active! Set 'spring.devtools.add-properties' to 'false' to disable
[31m[INFO][0;39m [36m[2019-10-21 17:42:32.042][0;39m [34m[restartedMain:DeferredLog.java:225][0;39m [35m:[0;39m Devtools property defaults active! Set 'spring.devtools.add-properties' to 'false' to disable
[31m[INFO][0;39m [36m[2019-10-21 17:42:32.043][0;39m [34m[restartedMain:DeferredLog.java:225][0;39m [35m:[0;39m For additional web related logging consider setting the 'logging.level.web' property to 'DEBUG'
[31m[INFO][0;39m [36m[2019-10-21 17:42:32.043][0;39m [34m[restartedMain:DeferredLog.java:225][0;39m [35m:[0;39m For additional web related logging consider setting the 'logging.level.web' property to 'DEBUG'
[31m[INFO][0;39m [36m[2019-10-21 17:42:33.407][0;39m [34m[restartedMain:TomcatWebServer.java:90][0;39m [35m:[0;39m Tomcat initialized with port(s): 8088 (http)
[31m[INFO][0;39m [36m[2019-10-21 17:42:33.407][0;39m [34m[restartedMain:TomcatWebServer.java:90][0;39m [35m:[0;39m Tomcat initialized with port(s): 8088 (http)
[31m[INFO][0;39m [36m[2019-10-21 17:42:33.429][0;39m [34m[restartedMain:DirectJDKLog.java:173][0;39m [35m:[0;39m Initializing ProtocolHandler ["http-nio-8088"]
[31m[INFO][0;39m [36m[2019-10-21 17:42:33.442][0;39m [34m[restartedMain:DirectJDKLog.java:173][0;39m [35m:[0;39m Starting service [Tomcat]
[31m[INFO][0;39m [36m[2019-10-21 17:42:33.443][0;39m [34m[restartedMain:DirectJDKLog.java:173][0;39m [35m:[0;39m Starting Servlet engine: [Apache Tomcat/9.0.26]
[31m[INFO][0;39m [36m[2019-10-21 17:42:33.675][0;39m [34m[restartedMain:DirectJDKLog.java:173][0;39m [35m:[0;39m At least one JAR was scanned for TLDs yet contained no TLDs. Enable debug logging for this logger for a complete list of JARs that were scanned but no TLDs were found in them. Skipping unneeded JARs during scanning can improve startup time and JSP compilation time.
[31m[INFO][0;39m [36m[2019-10-21 17:42:33.684][0;39m [34m[restartedMain:DirectJDKLog.java:173][0;39m [35m:[0;39m Initializing Spring embedded WebApplicationContext
[31m[INFO][0;39m [36m[2019-10-21 17:42:33.684][0;39m [34m[restartedMain:ServletWebServerApplicationContext.java:284][0;39m [35m:[0;39m Root WebApplicationContext: initialization completed in 1641 ms
[31m[INFO][0;39m [36m[2019-10-21 17:42:33.684][0;39m [34m[restartedMain:ServletWebServerApplicationContext.java:284][0;39m [35m:[0;39m Root WebApplicationContext: initialization completed in 1641 ms
[31m[WARN][0;39m [36m[2019-10-21 17:42:33.775][0;39m [34m[restartedMain:AbstractApplicationContext.java:557][0;39m [35m:[0;39m Exception encountered during context initialization - cancelling refresh attempt: org.springframework.beans.factory.UnsatisfiedDependencyException: Error creating bean with name 'userController': Unsatisfied dependency expressed through field 'userService'; nested exception is org.springframework.beans.factory.UnsatisfiedDependencyException: Error creating bean with name 'userService': Unsatisfied dependency expressed through field 'userMapper'; nested exception is org.springframework.beans.factory.UnsatisfiedDependencyException: Error creating bean with name 'userMapper' defined in file [/Users/didi/WorkSpace/Frame/SpringBoot/target/classes/com/lmr/springboot/dao/UserMapper.class]: Unsatisfied dependency expressed through bean property 'sqlSessionFactory'; nested exception is org.springframework.beans.factory.UnsatisfiedDependencyException: Error creating bean with name 'sqlSessionFactory' defined in class path resource [org/mybatis/spring/boot/autoconfigure/MybatisAutoConfiguration.class]: Unsatisfied dependency expressed through method 'sqlSessionFactory' parameter 0; nested exception is org.springframework.beans.factory.BeanCreationException: Error creating bean with name 'dataSource' defined in class path resource [org/springframework/boot/autoconfigure/jdbc/DataSourceConfiguration$Hikari.class]: Bean instantiation via factory method failed; nested exception is org.springframework.beans.BeanInstantiationException: Failed to instantiate [com.zaxxer.hikari.HikariDataSource]: Factory method 'dataSource' threw exception; nested exception is org.springframework.boot.autoconfigure.jdbc.DataSourceProperties$DataSourceBeanCreationException: Failed to determine a suitable driver class
[31m[WARN][0;39m [36m[2019-10-21 17:42:33.775][0;39m [34m[restartedMain:AbstractApplicationContext.java:557][0;39m [35m:[0;39m Exception encountered during context initialization - cancelling refresh attempt: org.springframework.beans.factory.UnsatisfiedDependencyException: Error creating bean with name 'userController': Unsatisfied dependency expressed through field 'userService'; nested exception is org.springframework.beans.factory.UnsatisfiedDependencyException: Error creating bean with name 'userService': Unsatisfied dependency expressed through field 'userMapper'; nested exception is org.springframework.beans.factory.UnsatisfiedDependencyException: Error creating bean with name 'userMapper' defined in file [/Users/didi/WorkSpace/Frame/SpringBoot/target/classes/com/lmr/springboot/dao/UserMapper.class]: Unsatisfied dependency expressed through bean property 'sqlSessionFactory'; nested exception is org.springframework.beans.factory.UnsatisfiedDependencyException: Error creating bean with name 'sqlSessionFactory' defined in class path resource [org/mybatis/spring/boot/autoconfigure/MybatisAutoConfiguration.class]: Unsatisfied dependency expressed through method 'sqlSessionFactory' parameter 0; nested exception is org.springframework.beans.factory.BeanCreationException: Error creating bean with name 'dataSource' defined in class path resource [org/springframework/boot/autoconfigure/jdbc/DataSourceConfiguration$Hikari.class]: Bean instantiation via factory method failed; nested exception is org.springframework.beans.BeanInstantiationException: Failed to instantiate [com.zaxxer.hikari.HikariDataSource]: Factory method 'dataSource' threw exception; nested exception is org.springframework.boot.autoconfigure.jdbc.DataSourceProperties$DataSourceBeanCreationException: Failed to determine a suitable driver class
[31m[INFO][0;39m [36m[2019-10-21 17:42:33.777][0;39m [34m[restartedMain:DirectJDKLog.java:173][0;39m [35m:[0;39m Stopping service [Tomcat]
[31m[INFO][0;39m [36m[2019-10-21 17:42:33.794][0;39m [34m[restartedMain:ConditionEvaluationReportLoggingListener.java:136][0;39m [35m:[0;39m 

Error starting ApplicationContext. To display the conditions report re-run your application with 'debug' enabled.
[31m[INFO][0;39m [36m[2019-10-21 17:42:33.794][0;39m [34m[restartedMain:ConditionEvaluationReportLoggingListener.java:136][0;39m [35m:[0;39m 

Error starting ApplicationContext. To display the conditions report re-run your application with 'debug' enabled.
[31m[ERROR][0;39m [36m[2019-10-21 17:42:33.800][0;39m [34m[restartedMain:LoggingFailureAnalysisReporter.java:40][0;39m [35m:[0;39m 

***************************
APPLICATION FAILED TO START
***************************

Description:

Failed to configure a DataSource: 'url' attribute is not specified and no embedded datasource could be configured.

Reason: Failed to determine a suitable driver class


Action:

Consider the following:
	If you want an embedded database (H2, HSQL or Derby), please put it on the classpath.
	If you have database settings to be loaded from a particular profile you may need to activate it (no profiles are currently active).

[31m[ERROR][0;39m [36m[2019-10-21 17:42:33.800][0;39m [34m[restartedMain:LoggingFailureAnalysisReporter.java:40][0;39m [35m:[0;39m 

***************************
APPLICATION FAILED TO START
***************************

Description:

Failed to configure a DataSource: 'url' attribute is not specified and no embedded datasource could be configured.

Reason: Failed to determine a suitable driver class


Action:

Consider the following:
	If you want an embedded database (H2, HSQL or Derby), please put it on the classpath.
	If you have database settings to be loaded from a particular profile you may need to activate it (no profiles are currently active).

[31m[INFO][0;39m [36m[2019-10-21 17:47:55.313][0;39m [34m[restartedMain:StartupInfoLogger.java:50][0;39m [35m:[0;39m Starting SpringbootApplication on bogon with PID 75728 (/Users/didi/WorkSpace/Frame/SpringBoot/target/classes started by didi in /Users/didi/WorkSpace/Frame/SpringBoot)
[31m[INFO][0;39m [36m[2019-10-21 17:47:55.318][0;39m [34m[restartedMain:SpringApplication.java:648][0;39m [35m:[0;39m No active profile set, falling back to default profiles: default
[31m[INFO][0;39m [36m[2019-10-21 17:47:55.447][0;39m [34m[restartedMain:DeferredLog.java:225][0;39m [35m:[0;39m Devtools property defaults active! Set 'spring.devtools.add-properties' to 'false' to disable
[31m[INFO][0;39m [36m[2019-10-21 17:47:55.447][0;39m [34m[restartedMain:DeferredLog.java:225][0;39m [35m:[0;39m Devtools property defaults active! Set 'spring.devtools.add-properties' to 'false' to disable
[31m[INFO][0;39m [36m[2019-10-21 17:47:55.448][0;39m [34m[restartedMain:DeferredLog.java:225][0;39m [35m:[0;39m For additional web related logging consider setting the 'logging.level.web' property to 'DEBUG'
[31m[INFO][0;39m [36m[2019-10-21 17:47:55.448][0;39m [34m[restartedMain:DeferredLog.java:225][0;39m [35m:[0;39m For additional web related logging consider setting the 'logging.level.web' property to 'DEBUG'
[31m[INFO][0;39m [36m[2019-10-21 17:47:56.744][0;39m [34m[restartedMain:TomcatWebServer.java:90][0;39m [35m:[0;39m Tomcat initialized with port(s): 8088 (http)
[31m[INFO][0;39m [36m[2019-10-21 17:47:56.744][0;39m [34m[restartedMain:TomcatWebServer.java:90][0;39m [35m:[0;39m Tomcat initialized with port(s): 8088 (http)
[31m[INFO][0;39m [36m[2019-10-21 17:47:56.760][0;39m [34m[restartedMain:DirectJDKLog.java:173][0;39m [35m:[0;39m Initializing ProtocolHandler ["http-nio-8088"]
[31m[INFO][0;39m [36m[2019-10-21 17:47:56.769][0;39m [34m[restartedMain:DirectJDKLog.java:173][0;39m [35m:[0;39m Starting service [Tomcat]
[31m[INFO][0;39m [36m[2019-10-21 17:47:56.769][0;39m [34m[restartedMain:DirectJDKLog.java:173][0;39m [35m:[0;39m Starting Servlet engine: [Apache Tomcat/9.0.26]
[31m[INFO][0;39m [36m[2019-10-21 17:47:56.964][0;39m [34m[restartedMain:DirectJDKLog.java:173][0;39m [35m:[0;39m At least one JAR was scanned for TLDs yet contained no TLDs. Enable debug logging for this logger for a complete list of JARs that were scanned but no TLDs were found in them. Skipping unneeded JARs during scanning can improve startup time and JSP compilation time.
[31m[INFO][0;39m [36m[2019-10-21 17:47:56.973][0;39m [34m[restartedMain:DirectJDKLog.java:173][0;39m [35m:[0;39m Initializing Spring embedded WebApplicationContext
[31m[INFO][0;39m [36m[2019-10-21 17:47:56.973][0;39m [34m[restartedMain:ServletWebServerApplicationContext.java:284][0;39m [35m:[0;39m Root WebApplicationContext: initialization completed in 1524 ms
[31m[INFO][0;39m [36m[2019-10-21 17:47:56.973][0;39m [34m[restartedMain:ServletWebServerApplicationContext.java:284][0;39m [35m:[0;39m Root WebApplicationContext: initialization completed in 1524 ms
[31m[INFO][0;39m [36m[2019-10-21 17:47:57.340][0;39m [34m[restartedMain:ExecutorConfigurationSupport.java:171][0;39m [35m:[0;39m Initializing ExecutorService 'applicationTaskExecutor'
[31m[INFO][0;39m [36m[2019-10-21 17:47:57.340][0;39m [34m[restartedMain:ExecutorConfigurationSupport.java:171][0;39m [35m:[0;39m Initializing ExecutorService 'applicationTaskExecutor'
[31m[INFO][0;39m [36m[2019-10-21 17:47:57.405][0;39m [34m[restartedMain:WelcomePageHandlerMapping.java:58][0;39m [35m:[0;39m Adding welcome page template: index
[31m[INFO][0;39m [36m[2019-10-21 17:47:57.405][0;39m [34m[restartedMain:WelcomePageHandlerMapping.java:58][0;39m [35m:[0;39m Adding welcome page template: index
[31m[INFO][0;39m [36m[2019-10-21 17:47:57.625][0;39m [34m[restartedMain:OptionalLiveReloadServer.java:57][0;39m [35m:[0;39m LiveReload server is running on port 35729
[31m[INFO][0;39m [36m[2019-10-21 17:47:57.625][0;39m [34m[restartedMain:OptionalLiveReloadServer.java:57][0;39m [35m:[0;39m LiveReload server is running on port 35729
[31m[INFO][0;39m [36m[2019-10-21 17:47:57.647][0;39m [34m[restartedMain:DirectJDKLog.java:173][0;39m [35m:[0;39m Starting ProtocolHandler ["http-nio-8088"]
[31m[INFO][0;39m [36m[2019-10-21 17:47:57.686][0;39m [34m[restartedMain:TomcatWebServer.java:202][0;39m [35m:[0;39m Tomcat started on port(s): 8088 (http) with context path ''
[31m[INFO][0;39m [36m[2019-10-21 17:47:57.686][0;39m [34m[restartedMain:TomcatWebServer.java:202][0;39m [35m:[0;39m Tomcat started on port(s): 8088 (http) with context path ''
[31m[INFO][0;39m [36m[2019-10-21 17:47:57.690][0;39m [34m[restartedMain:StartupInfoLogger.java:59][0;39m [35m:[0;39m Started SpringbootApplication in 3.025 seconds (JVM running for 3.809)
[31m[INFO][0;39m [36m[2019-10-21 17:48:25.075][0;39m [34m[http-nio-8088-exec-1:DirectJDKLog.java:173][0;39m [35m:[0;39m Initializing Spring DispatcherServlet 'dispatcherServlet'
[31m[INFO][0;39m [36m[2019-10-21 17:48:25.076][0;39m [34m[http-nio-8088-exec-1:FrameworkServlet.java:525][0;39m [35m:[0;39m Initializing Servlet 'dispatcherServlet'
[31m[INFO][0;39m [36m[2019-10-21 17:48:25.076][0;39m [34m[http-nio-8088-exec-1:FrameworkServlet.java:525][0;39m [35m:[0;39m Initializing Servlet 'dispatcherServlet'
[31m[INFO][0;39m [36m[2019-10-21 17:48:25.083][0;39m [34m[http-nio-8088-exec-1:FrameworkServlet.java:547][0;39m [35m:[0;39m Completed initialization in 7 ms
[31m[INFO][0;39m [36m[2019-10-21 17:48:25.083][0;39m [34m[http-nio-8088-exec-1:FrameworkServlet.java:547][0;39m [35m:[0;39m Completed initialization in 7 ms
[31m[ERROR][0;39m [36m[2019-10-21 17:48:33.827][0;39m [34m[http-nio-8088-exec-2:DirectJDKLog.java:175][0;39m [35m:[0;39m Servlet.service() for servlet [dispatcherServlet] in context with path [] threw exception [Request processing failed; nested exception is org.apache.ibatis.binding.BindingException: Invalid bound statement (not found): com.lmr.springboot.dao.UserMapper.selectAll] with root cause
org.apache.ibatis.binding.BindingException: Invalid bound statement (not found): com.lmr.springboot.dao.UserMapper.selectAll
	at org.apache.ibatis.binding.MapperMethod$SqlCommand.<init>(MapperMethod.java:225)
	at org.apache.ibatis.binding.MapperMethod.<init>(MapperMethod.java:48)
	at org.apache.ibatis.binding.MapperProxy.cachedMapperMethod(MapperProxy.java:65)
	at org.apache.ibatis.binding.MapperProxy.invoke(MapperProxy.java:58)
	at com.sun.proxy.$Proxy60.selectAll(Unknown Source)
	at com.lmr.springboot.service.UserService.queryAllUser(UserService.java:23)
	at com.lmr.springboot.controller.UserController.getAllUser(UserController.java:28)
	at sun.reflect.NativeMethodAccessorImpl.invoke0(Native Method)
	at sun.reflect.NativeMethodAccessorImpl.invoke(NativeMethodAccessorImpl.java:62)
	at sun.reflect.DelegatingMethodAccessorImpl.invoke(DelegatingMethodAccessorImpl.java:43)
	at java.lang.reflect.Method.invoke(Method.java:498)
	at org.springframework.web.method.support.InvocableHandlerMethod.doInvoke(InvocableHandlerMethod.java:190)
	at org.springframework.web.method.support.InvocableHandlerMethod.invokeForRequest(InvocableHandlerMethod.java:138)
	at org.springframework.web.servlet.mvc.method.annotation.ServletInvocableHandlerMethod.invokeAndHandle(ServletInvocableHandlerMethod.java:105)
	at org.springframework.web.servlet.mvc.method.annotation.RequestMappingHandlerAdapter.invokeHandlerMethod(RequestMappingHandlerAdapter.java:893)
	at org.springframework.web.servlet.mvc.method.annotation.RequestMappingHandlerAdapter.handleInternal(RequestMappingHandlerAdapter.java:798)
	at org.springframework.web.servlet.mvc.method.AbstractHandlerMethodAdapter.handle(AbstractHandlerMethodAdapter.java:87)
	at org.springframework.web.servlet.DispatcherServlet.doDispatch(DispatcherServlet.java:1040)
	at org.springframework.web.servlet.DispatcherServlet.doService(DispatcherServlet.java:943)
	at org.springframework.web.servlet.FrameworkServlet.processRequest(FrameworkServlet.java:1006)
	at org.springframework.web.servlet.FrameworkServlet.doGet(FrameworkServlet.java:898)
	at javax.servlet.http.HttpServlet.service(HttpServlet.java:645)
	at org.springframework.web.servlet.FrameworkServlet.service(FrameworkServlet.java:883)
	at javax.servlet.http.HttpServlet.service(HttpServlet.java:750)
	at org.apache.catalina.core.ApplicationFilterChain.internalDoFilter(ApplicationFilterChain.java:231)
	at org.apache.catalina.core.ApplicationFilterChain.doFilter(ApplicationFilterChain.java:166)
	at org.apache.tomcat.websocket.server.WsFilter.doFilter(WsFilter.java:53)
	at org.apache.catalina.core.ApplicationFilterChain.internalDoFilter(ApplicationFilterChain.java:193)
	at org.apache.catalina.core.ApplicationFilterChain.doFilter(ApplicationFilterChain.java:166)
	at org.springframework.web.filter.RequestContextFilter.doFilterInternal(RequestContextFilter.java:100)
	at org.springframework.web.filter.OncePerRequestFilter.doFilter(OncePerRequestFilter.java:119)
	at org.apache.catalina.core.ApplicationFilterChain.internalDoFilter(ApplicationFilterChain.java:193)
	at org.apache.catalina.core.ApplicationFilterChain.doFilter(ApplicationFilterChain.java:166)
	at org.springframework.web.filter.FormContentFilter.doFilterInternal(FormContentFilter.java:93)
	at org.springframework.web.filter.OncePerRequestFilter.doFilter(OncePerRequestFilter.java:119)
	at org.apache.catalina.core.ApplicationFilterChain.internalDoFilter(ApplicationFilterChain.java:193)
	at org.apache.catalina.core.ApplicationFilterChain.doFilter(ApplicationFilterChain.java:166)
	at org.springframework.web.filter.HiddenHttpMethodFilter.doFilterInternal(HiddenHttpMethodFilter.java:94)
	at org.springframework.web.filter.OncePerRequestFilter.doFilter(OncePerRequestFilter.java:119)
	at org.apache.catalina.core.ApplicationFilterChain.internalDoFilter(ApplicationFilterChain.java:193)
	at org.apache.catalina.core.ApplicationFilterChain.doFilter(ApplicationFilterChain.java:166)
	at org.springframework.web.filter.CharacterEncodingFilter.doFilterInternal(CharacterEncodingFilter.java:201)
	at org.springframework.web.filter.OncePerRequestFilter.doFilter(OncePerRequestFilter.java:119)
	at org.apache.catalina.core.ApplicationFilterChain.internalDoFilter(ApplicationFilterChain.java:193)
	at org.apache.catalina.core.ApplicationFilterChain.doFilter(ApplicationFilterChain.java:166)
	at org.apache.catalina.core.StandardWrapperValve.invoke(StandardWrapperValve.java:202)
	at org.apache.catalina.core.StandardContextValve.invoke(StandardContextValve.java:96)
	at org.apache.catalina.authenticator.AuthenticatorBase.invoke(AuthenticatorBase.java:526)
	at org.apache.catalina.core.StandardHostValve.invoke(StandardHostValve.java:139)
	at org.apache.catalina.valves.ErrorReportValve.invoke(ErrorReportValve.java:92)
	at org.apache.catalina.core.StandardEngineValve.invoke(StandardEngineValve.java:74)
	at org.apache.catalina.connector.CoyoteAdapter.service(CoyoteAdapter.java:343)
	at org.apache.coyote.http11.Http11Processor.service(Http11Processor.java:408)
	at org.apache.coyote.AbstractProcessorLight.process(AbstractProcessorLight.java:66)
	at org.apache.coyote.AbstractProtocol$ConnectionHandler.process(AbstractProtocol.java:860)
	at org.apache.tomcat.util.net.NioEndpoint$SocketProcessor.doRun(NioEndpoint.java:1589)
	at org.apache.tomcat.util.net.SocketProcessorBase.run(SocketProcessorBase.java:49)
	at java.util.concurrent.ThreadPoolExecutor.runWorker(ThreadPoolExecutor.java:1149)
	at java.util.concurrent.ThreadPoolExecutor$Worker.run(ThreadPoolExecutor.java:624)
	at org.apache.tomcat.util.threads.TaskThread$WrappingRunnable.run(TaskThread.java:61)
	at java.lang.Thread.run(Thread.java:748)
[31m[INFO][0;39m [36m[2019-10-21 17:54:05.269][0;39m [34m[Thread-15:ExecutorConfigurationSupport.java:208][0;39m [35m:[0;39m Shutting down ExecutorService 'applicationTaskExecutor'
[31m[INFO][0;39m [36m[2019-10-21 17:54:05.269][0;39m [34m[Thread-15:ExecutorConfigurationSupport.java:208][0;39m [35m:[0;39m Shutting down ExecutorService 'applicationTaskExecutor'
[31m[INFO][0;39m [36m[2019-10-21 17:54:18.198][0;39m [34m[restartedMain:StartupInfoLogger.java:50][0;39m [35m:[0;39m Starting SpringbootApplication on bogon with PID 75764 (/Users/didi/WorkSpace/Frame/SpringBoot/target/classes started by didi in /Users/didi/WorkSpace/Frame/SpringBoot)
[31m[INFO][0;39m [36m[2019-10-21 17:54:18.207][0;39m [34m[restartedMain:SpringApplication.java:648][0;39m [35m:[0;39m No active profile set, falling back to default profiles: default
[31m[INFO][0;39m [36m[2019-10-21 17:54:18.336][0;39m [34m[restartedMain:DeferredLog.java:225][0;39m [35m:[0;39m Devtools property defaults active! Set 'spring.devtools.add-properties' to 'false' to disable
[31m[INFO][0;39m [36m[2019-10-21 17:54:18.336][0;39m [34m[restartedMain:DeferredLog.java:225][0;39m [35m:[0;39m Devtools property defaults active! Set 'spring.devtools.add-properties' to 'false' to disable
[31m[INFO][0;39m [36m[2019-10-21 17:54:18.337][0;39m [34m[restartedMain:DeferredLog.java:225][0;39m [35m:[0;39m For additional web related logging consider setting the 'logging.level.web' property to 'DEBUG'
[31m[INFO][0;39m [36m[2019-10-21 17:54:18.337][0;39m [34m[restartedMain:DeferredLog.java:225][0;39m [35m:[0;39m For additional web related logging consider setting the 'logging.level.web' property to 'DEBUG'
[31m[INFO][0;39m [36m[2019-10-21 17:54:19.510][0;39m [34m[restartedMain:TomcatWebServer.java:90][0;39m [35m:[0;39m Tomcat initialized with port(s): 8088 (http)
[31m[INFO][0;39m [36m[2019-10-21 17:54:19.510][0;39m [34m[restartedMain:TomcatWebServer.java:90][0;39m [35m:[0;39m Tomcat initialized with port(s): 8088 (http)
[31m[INFO][0;39m [36m[2019-10-21 17:54:19.523][0;39m [34m[restartedMain:DirectJDKLog.java:173][0;39m [35m:[0;39m Initializing ProtocolHandler ["http-nio-8088"]
[31m[INFO][0;39m [36m[2019-10-21 17:54:19.532][0;39m [34m[restartedMain:DirectJDKLog.java:173][0;39m [35m:[0;39m Starting service [Tomcat]
[31m[INFO][0;39m [36m[2019-10-21 17:54:19.532][0;39m [34m[restartedMain:DirectJDKLog.java:173][0;39m [35m:[0;39m Starting Servlet engine: [Apache Tomcat/9.0.26]
[31m[INFO][0;39m [36m[2019-10-21 17:54:19.727][0;39m [34m[restartedMain:DirectJDKLog.java:173][0;39m [35m:[0;39m At least one JAR was scanned for TLDs yet contained no TLDs. Enable debug logging for this logger for a complete list of JARs that were scanned but no TLDs were found in them. Skipping unneeded JARs during scanning can improve startup time and JSP compilation time.
[31m[INFO][0;39m [36m[2019-10-21 17:54:19.734][0;39m [34m[restartedMain:DirectJDKLog.java:173][0;39m [35m:[0;39m Initializing Spring embedded WebApplicationContext
[31m[INFO][0;39m [36m[2019-10-21 17:54:19.734][0;39m [34m[restartedMain:ServletWebServerApplicationContext.java:284][0;39m [35m:[0;39m Root WebApplicationContext: initialization completed in 1396 ms
[31m[INFO][0;39m [36m[2019-10-21 17:54:19.734][0;39m [34m[restartedMain:ServletWebServerApplicationContext.java:284][0;39m [35m:[0;39m Root WebApplicationContext: initialization completed in 1396 ms
[31m[INFO][0;39m [36m[2019-10-21 17:54:20.148][0;39m [34m[restartedMain:ExecutorConfigurationSupport.java:171][0;39m [35m:[0;39m Initializing ExecutorService 'applicationTaskExecutor'
[31m[INFO][0;39m [36m[2019-10-21 17:54:20.148][0;39m [34m[restartedMain:ExecutorConfigurationSupport.java:171][0;39m [35m:[0;39m Initializing ExecutorService 'applicationTaskExecutor'
[31m[INFO][0;39m [36m[2019-10-21 17:54:20.196][0;39m [34m[restartedMain:WelcomePageHandlerMapping.java:58][0;39m [35m:[0;39m Adding welcome page template: index
[31m[INFO][0;39m [36m[2019-10-21 17:54:20.196][0;39m [34m[restartedMain:WelcomePageHandlerMapping.java:58][0;39m [35m:[0;39m Adding welcome page template: index
[31m[INFO][0;39m [36m[2019-10-21 17:54:20.296][0;39m [34m[restartedMain:OptionalLiveReloadServer.java:57][0;39m [35m:[0;39m LiveReload server is running on port 35729
[31m[INFO][0;39m [36m[2019-10-21 17:54:20.296][0;39m [34m[restartedMain:OptionalLiveReloadServer.java:57][0;39m [35m:[0;39m LiveReload server is running on port 35729
[31m[INFO][0;39m [36m[2019-10-21 17:54:20.316][0;39m [34m[restartedMain:DirectJDKLog.java:173][0;39m [35m:[0;39m Starting ProtocolHandler ["http-nio-8088"]
[31m[INFO][0;39m [36m[2019-10-21 17:54:20.349][0;39m [34m[restartedMain:TomcatWebServer.java:202][0;39m [35m:[0;39m Tomcat started on port(s): 8088 (http) with context path ''
[31m[INFO][0;39m [36m[2019-10-21 17:54:20.349][0;39m [34m[restartedMain:TomcatWebServer.java:202][0;39m [35m:[0;39m Tomcat started on port(s): 8088 (http) with context path ''
[31m[INFO][0;39m [36m[2019-10-21 17:54:20.353][0;39m [34m[restartedMain:StartupInfoLogger.java:59][0;39m [35m:[0;39m Started SpringbootApplication in 2.86 seconds (JVM running for 3.893)
[31m[INFO][0;39m [36m[2019-10-21 17:54:43.107][0;39m [34m[http-nio-8088-exec-1:DirectJDKLog.java:173][0;39m [35m:[0;39m Initializing Spring DispatcherServlet 'dispatcherServlet'
[31m[INFO][0;39m [36m[2019-10-21 17:54:43.109][0;39m [34m[http-nio-8088-exec-1:FrameworkServlet.java:525][0;39m [35m:[0;39m Initializing Servlet 'dispatcherServlet'
[31m[INFO][0;39m [36m[2019-10-21 17:54:43.109][0;39m [34m[http-nio-8088-exec-1:FrameworkServlet.java:525][0;39m [35m:[0;39m Initializing Servlet 'dispatcherServlet'
[31m[INFO][0;39m [36m[2019-10-21 17:54:43.125][0;39m [34m[http-nio-8088-exec-1:FrameworkServlet.java:547][0;39m [35m:[0;39m Completed initialization in 15 ms
[31m[INFO][0;39m [36m[2019-10-21 17:54:43.125][0;39m [34m[http-nio-8088-exec-1:FrameworkServlet.java:547][0;39m [35m:[0;39m Completed initialization in 15 ms
[31m[INFO][0;39m [36m[2019-10-21 17:54:51.922][0;39m [34m[http-nio-8088-exec-2:HikariDataSource.java:110][0;39m [35m:[0;39m HikariPool-1 - Starting...
[31m[INFO][0;39m [36m[2019-10-21 17:54:52.282][0;39m [34m[http-nio-8088-exec-2:HikariDataSource.java:123][0;39m [35m:[0;39m HikariPool-1 - Start completed.
